2024-06-23 23:39:48 INFO  c.d.p.a.ProductCatalogueControllerTest - Starting ProductCatalogueControllerTest using Java 22.0.1 with PID 20272 (started by madhu in D:\Chaita\Excercise\product-catalogue-service)
2024-06-23 23:39:48 DEBUG c.d.p.a.ProductCatalogueControllerTest - Running with Spring Boot v3.3.1, Spring v6.1.10
2024-06-23 23:39:48 INFO  c.d.p.a.ProductCatalogueControllerTest - The following 1 profile is active: "test"
2024-06-23 23:39:53 INFO  c.d.p.a.ProductCatalogueControllerTest - Started ProductCatalogueControllerTest in 5.672 seconds (process running for 7.622)
2024-06-23 23:39:53 WARN  o.s.w.s.m.s.DefaultHandlerExceptionResolver - Resolved [org.springframework.http.converter.HttpMessageNotReadableException: JSON parse error: Cannot deserialize value of type `java.util.ArrayList<java.lang.String>` from Object value (token `JsonToken.START_OBJECT`)]
2024-06-23 23:43:12 INFO  c.d.p.a.ProductCatalogueControllerTest - Starting ProductCatalogueControllerTest using Java 22.0.1 with PID 20556 (started by madhu in D:\Chaita\Excercise\product-catalogue-service)
2024-06-23 23:43:12 DEBUG c.d.p.a.ProductCatalogueControllerTest - Running with Spring Boot v3.3.1, Spring v6.1.10
2024-06-23 23:43:12 INFO  c.d.p.a.ProductCatalogueControllerTest - The following 1 profile is active: "test"
2024-06-23 23:43:17 INFO  c.d.p.a.ProductCatalogueControllerTest - Started ProductCatalogueControllerTest in 6.237 seconds (process running for 8.476)
2024-06-23 23:46:58 INFO  c.d.p.a.ProductCatalogueControllerTest - Starting ProductCatalogueControllerTest using Java 22.0.1 with PID 12140 (started by madhu in D:\Chaita\Excercise\product-catalogue-service)
2024-06-23 23:46:58 DEBUG c.d.p.a.ProductCatalogueControllerTest - Running with Spring Boot v3.3.1, Spring v6.1.10
2024-06-23 23:46:58 INFO  c.d.p.a.ProductCatalogueControllerTest - The following 1 profile is active: "test"
2024-06-23 23:47:05 INFO  c.d.p.a.ProductCatalogueControllerTest - Started ProductCatalogueControllerTest in 8.302 seconds (process running for 10.6)
2024-06-23 23:49:11 INFO  c.d.p.a.ProductCatalogueControllerTest - Starting ProductCatalogueControllerTest using Java 22.0.1 with PID 22456 (started by madhu in D:\Chaita\Excercise\product-catalogue-service)
2024-06-23 23:49:11 DEBUG c.d.p.a.ProductCatalogueControllerTest - Running with Spring Boot v3.3.1, Spring v6.1.10
2024-06-23 23:49:11 INFO  c.d.p.a.ProductCatalogueControllerTest - The following 1 profile is active: "test"
2024-06-23 23:49:16 INFO  c.d.p.a.ProductCatalogueControllerTest - Started ProductCatalogueControllerTest in 5.888 seconds (process running for 8.155)
2024-06-23 23:49:16 INFO  c.d.p.api.ProductCatalogueController - Total Cost for product 190
2024-06-23 23:50:55 INFO  c.d.p.a.ProductCatalogueControllerTest - Starting ProductCatalogueControllerTest using Java 22.0.1 with PID 21208 (started by madhu in D:\Chaita\Excercise\product-catalogue-service)
2024-06-23 23:50:55 DEBUG c.d.p.a.ProductCatalogueControllerTest - Running with Spring Boot v3.3.1, Spring v6.1.10
2024-06-23 23:50:55 INFO  c.d.p.a.ProductCatalogueControllerTest - The following 1 profile is active: "test"
2024-06-23 23:51:01 INFO  c.d.p.a.ProductCatalogueControllerTest - Started ProductCatalogueControllerTest in 7.084 seconds (process running for 10.681)
2024-06-23 23:51:01 INFO  c.d.p.api.ProductCatalogueController - Total Cost for product 190
2024-06-23 23:51:02 ERROR c.d.p.e.ProductCatalogueFrameworkException - INVALID_PRODUCT_QUANTITY:Invalid Product Quantity found : [-1]
2024-06-23 23:51:02 ERROR c.d.p.e.ProductCatalogueFrameworkException - INVALID_PRODUCT_PRICE:Invalid Product Price found : [-1]
2024-06-23 23:51:02 ERROR c.d.p.e.ProductCatalogueFrameworkException - INVALID_PRODUCT_PRICE:Invalid Product Price found : [-1]
2024-06-23 23:51:03 INFO  c.d.p.ProductCatalogueServiceApplicationTests - Starting ProductCatalogueServiceApplicationTests using Java 22.0.1 with PID 21208 (started by madhu in D:\Chaita\Excercise\product-catalogue-service)
2024-06-23 23:51:03 DEBUG c.d.p.ProductCatalogueServiceApplicationTests - Running with Spring Boot v3.3.1, Spring v6.1.10
2024-06-23 23:51:03 INFO  c.d.p.ProductCatalogueServiceApplicationTests - No active profile set, falling back to 1 default profile: "default"
2024-06-23 23:51:04 INFO  c.d.p.ProductCatalogueServiceApplicationTests - Started ProductCatalogueServiceApplicationTests in 1.515 seconds (process running for 13.511)
2024-06-23 23:51:04 ERROR c.d.p.e.ProductCatalogueFrameworkException - INVALID_PRODUCT:Unable to find Product details for [LEMONS]
2024-06-23 23:51:04 ERROR c.d.p.service.ProductService - Empty Product Catalog Found
2024-06-23 23:51:04 ERROR c.d.p.e.ProductCatalogueFrameworkException - EMPTY_PRODUCT_CATALOGUE:Empty Product Catalog Found
2024-06-23 23:51:04 ERROR c.d.p.service.ProductService - Empty Product Catalog Found
2024-06-23 23:51:04 ERROR c.d.p.e.ProductCatalogueFrameworkException - EMPTY_PRODUCT_CATALOGUE:Empty Product Catalog Found
